0 info it worked if it ends with ok
1 verbose cli [ '/usr/bin/node', '/usr/bin/npm', 'run', 'serverstart' ]
2 info using npm@3.5.2
3 info using node@v8.10.0
4 verbose run-script [ 'preserverstart', 'serverstart', 'postserverstart' ]
5 info lifecycle placeholders@0.0.0~preserverstart: placeholders@0.0.0
6 silly lifecycle placeholders@0.0.0~preserverstart: no script for preserverstart, continuing
7 info lifecycle placeholders@0.0.0~serverstart: placeholders@0.0.0
8 verbose lifecycle placeholders@0.0.0~serverstart: unsafe-perm in lifecycle true
9 verbose lifecycle placeholders@0.0.0~serverstart: PATH: /usr/share/npm/bin/node-gyp-bin:/home/abhi/projects/webd/placeholders/node_modules/.bin:/home/abhi/.vscode-server/bin/5763d909d5f12fe19f215cbfdd29a91c0fa9208a/bin:/usr/local/sbin:/usr/local/bin:/usr/sbin:/usr/bin:/sbin:/bin:/usr/games:/usr/local/games:/mnt/c/Windows/system32:/mnt/c/Windows:/mnt/c/Windows/System32/Wbem:/mnt/c/Windows/System32/WindowsPowerShell/v1.0/:/mnt/c/Windows/System32/OpenSSH/:/mnt/c/Program Files/NVIDIA Corporation/NVIDIA NvDLISR:/mnt/c/Program Files (x86)/Intel/Intel(R) Management Engine Components/DAL:/mnt/c/Program Files/Intel/Intel(R) Management Engine Components/DAL:/mnt/c/Program Files (x86)/Intel/Intel(R) Management Engine Components/IPT:/mnt/c/Program Files/Intel/Intel(R) Management Engine Components/IPT:/mnt/c/Program Files (x86)/NVIDIA Corporation/PhysX/Common:/mnt/c/Program Files (x86)/Windows Live/Shared:/mnt/c/Program Files/Git/cmd:/mnt/c/Program Files/nodejs/:/mnt/c/ProgramData/chocolatey/bin:/mnt/c/Users/abhin/AppData/Local/Programs/Python/Python37-32/Scripts/:/mnt/c/Users/abhin/AppData/Local/Programs/Python/Python37-32/:/mnt/c/Users/abhin/AppData/Local/Microsoft/WindowsApps:/mnt/c/Users/abhin/AppData/Roaming/npm:/mnt/c/mingw-x64/mingw32/bin:/mnt/c/Users/abhin/AppData/Local/Programs/Microsoft VS Code/bin:/mnt/c/Users/abhin/AppData/Local/hyper/app-3.0.2/resources/bin:/mnt/c/Program Files/Docker Toolbox:/home/abhi/.local/bin:/home/abhi/.local/bin
10 verbose lifecycle placeholders@0.0.0~serverstart: CWD: /home/abhi/projects/webd/placeholders
11 silly lifecycle placeholders@0.0.0~serverstart: Args: [ '-c', 'DEBUG=placeholders:* npm start devstart' ]
12 silly lifecycle placeholders@0.0.0~serverstart: Returned: code: 1  signal: null
13 info lifecycle placeholders@0.0.0~serverstart: Failed to exec serverstart script
14 verbose stack Error: placeholders@0.0.0 serverstart: `DEBUG=placeholders:* npm start devstart`
14 verbose stack Exit status 1
14 verbose stack     at EventEmitter.<anonymous> (/usr/share/npm/lib/utils/lifecycle.js:232:16)
14 verbose stack     at emitTwo (events.js:126:13)
14 verbose stack     at EventEmitter.emit (events.js:214:7)
14 verbose stack     at ChildProcess.<anonymous> (/usr/share/npm/lib/utils/spawn.js:24:14)
14 verbose stack     at emitTwo (events.js:126:13)
14 verbose stack     at ChildProcess.emit (events.js:214:7)
14 verbose stack     at maybeClose (internal/child_process.js:925:16)
14 verbose stack     at Process.ChildProcess._handle.onexit (internal/child_process.js:209:5)
15 verbose pkgid placeholders@0.0.0
16 verbose cwd /home/abhi/projects/webd/placeholders
17 error Linux 4.4.0-18362-Microsoft
18 error argv "/usr/bin/node" "/usr/bin/npm" "run" "serverstart"
19 error node v8.10.0
20 error npm  v3.5.2
21 error code ELIFECYCLE
22 error placeholders@0.0.0 serverstart: `DEBUG=placeholders:* npm start devstart`
22 error Exit status 1
23 error Failed at the placeholders@0.0.0 serverstart script 'DEBUG=placeholders:* npm start devstart'.
23 error Make sure you have the latest version of node.js and npm installed.
23 error If you do, this is most likely a problem with the placeholders package,
23 error not with npm itself.
23 error Tell the author that this fails on your system:
23 error     DEBUG=placeholders:* npm start devstart
23 error You can get information on how to open an issue for this project with:
23 error     npm bugs placeholders
23 error Or if that isn't available, you can get their info via:
23 error     npm owner ls placeholders
23 error There is likely additional logging output above.
24 verbose exit [ 1, true ]
